<?xml version="1.0" encoding="UTF-8"?>
<!-- Generated by org.testng.reporters.JUnitReportReporter -->
<testsuite skipped="0" hostname="DESKTOP-6C2NN8B" name="testCases.Authentification" tests="1" failures="0" timestamp="2020-05-09T04:34:57 CEST" time="8.835" errors="0">
  <testcase name="testLogin" time="8.835" classname="testCases.Authentification"/>
</testsuite> <!-- testCases.Authentification -->
